C51 COMPILER V9.59.0.0   HANDER                                                            01/22/2024 23:25:30 PAGE 1   


C51 COMPILER V9.59.0.0, COMPILATION OF MODULE HANDER
OBJECT MODULE PLACED IN .\build\Release\.obj\src\hander.o
COMPILER INVOKED BY: D:\soft\Keil\C51\BIN\C51.exe .\SRC\HANDER.C OMF2 TABS(4) CODE NOCOND SYMBOLS PRINT(.\build\Release\
                    -.obj\src\hander.lst) INCDIR(D:/soft/Keil/C51/INC;src) DEFINE(__UVISION_VERSION=526) OPTIMIZE(8,SPEED) SMALL ROM(LARGE) O
                    -BJECT(.\build\Release\.obj\src\hander.o)

line level    source

   1          #include <REG52.H>
   2          #include "Delay.h"
   3          #include  "Timeio.h"
   4          sbit RXD2 = P3^0;
   5          sbit TXD2 = P3^1;
   6          
   7          unsigned char buffer[12];
   8          unsigned char getnum = 0;
   9          
  10          void uarthander( unsigned char str) 
  11          {   
  12   1          unsigned char i = 8;
  13   1          str = str + str;
  14   1          TR1 = 1;
  15   1          TXD2 = 1;
  16   1          waittf();
  17   1          while (i--)
  18   1          {
  19   2              TXD2 = str & 0x01;
  20   2              waittf();
  21   2              str >>= 1;
  22   2          }
  23   1          TXD2 = 0;
  24   1          waittf();
  25   1          TR1 = 0;
  26   1      }
  27          
  28          
  29          void updatehander( char* strr )
  30          {
  31   1          while(*strr)
  32   1          {
  33   2              uarthander(*strr++);
  34   2          }
  35   1      }
  36          
  37          void getdata()
  38          {
  39   1          unsigned char i = 8;
  40   1          unsigned char str = 0x0;
  41   1          if (RXD2 == 0)
  42   1          {
  43   2              TR1 = 1;
  44   2              waittf();
  45   2              while (i--)
  46   2              {
  47   3                  str >>= 1;
  48   3                  if (RXD2 == 1)
  49   3                  {
  50   4                      str |= 0x80;
  51   4                  }
  52   3                  waittf();
  53   3              }
C51 COMPILER V9.59.0.0   HANDER                                                            01/22/2024 23:25:30 PAGE 2   

  54   2              buffer[getnum++] = str;
  55   2              TR1 = 0;
  56   2          }
  57   1      }
C51 COMPILER V9.59.0.0   HANDER                                                            01/22/2024 23:25:30 PAGE 3   

ASSEMBLY LISTING OF GENERATED OBJECT CODE


             ; FUNCTION _uarthander (BEGIN)
                                           ; SOURCE LINE # 10
0000 8F00        R     MOV     str,R7
                                           ; SOURCE LINE # 11
                                           ; SOURCE LINE # 12
0002 750008      R     MOV     i,#08H
                                           ; SOURCE LINE # 13
0005 E500        R     MOV     A,str
0007 2500        R     ADD     A,str
0009 F500        R     MOV     str,A
                                           ; SOURCE LINE # 14
000B D28E              SETB    TR1
                                           ; SOURCE LINE # 15
000D D2B1              SETB    TXD2
                                           ; SOURCE LINE # 16
000F 120000      E     LCALL   waittf
0012         ?C0001:
                                           ; SOURCE LINE # 17
0012 AF00        R     MOV     R7,i
0014 1500        R     DEC     i
0016 EF                MOV     A,R7
0017 6010              JZ      ?C0002
                                           ; SOURCE LINE # 18
                                           ; SOURCE LINE # 19
0019 E500        R     MOV     A,str
001B 13                RRC     A
001C 92B1              MOV     TXD2,C
                                           ; SOURCE LINE # 20
001E 120000      E     LCALL   waittf
                                           ; SOURCE LINE # 21
0021 E500        R     MOV     A,str
0023 C3                CLR     C
0024 13                RRC     A
0025 F500        R     MOV     str,A
                                           ; SOURCE LINE # 22
0027 80E9              SJMP    ?C0001
0029         ?C0002:
                                           ; SOURCE LINE # 23
0029 C2B1              CLR     TXD2
                                           ; SOURCE LINE # 24
002B 120000      E     LCALL   waittf
                                           ; SOURCE LINE # 25
002E C28E              CLR     TR1
                                           ; SOURCE LINE # 26
0030 22                RET     
             ; FUNCTION _uarthander (END)

             ; FUNCTION _updatehander (BEGIN)
                                           ; SOURCE LINE # 29
0000 8B00        R     MOV     strr,R3
0002 8A00        R     MOV     strr+01H,R2
0004 8900        R     MOV     strr+02H,R1
                                           ; SOURCE LINE # 30
0006         ?C0004:
                                           ; SOURCE LINE # 31
0006 AB00        R     MOV     R3,strr
0008 AA00        R     MOV     R2,strr+01H
000A A900        R     MOV     R1,strr+02H
000C 120000      E     LCALL   ?C?CLDPTR
C51 COMPILER V9.59.0.0   HANDER                                                            01/22/2024 23:25:30 PAGE 4   

000F 6013              JZ      ?C0006
                                           ; SOURCE LINE # 32
                                           ; SOURCE LINE # 33
0011 0500        R     INC     strr+02H
0013 E500        R     MOV     A,strr+02H
0015 7002              JNZ     ?C0012
0017 0500        R     INC     strr+01H
0019         ?C0012:
0019 14                DEC     A
001A F9                MOV     R1,A
001B 120000      E     LCALL   ?C?CLDPTR
001E FF                MOV     R7,A
001F 120000      R     LCALL   _uarthander
                                           ; SOURCE LINE # 34
0022 80E2              SJMP    ?C0004
                                           ; SOURCE LINE # 35
0024         ?C0006:
0024 22                RET     
             ; FUNCTION _updatehander (END)

             ; FUNCTION getdata (BEGIN)
                                           ; SOURCE LINE # 37
                                           ; SOURCE LINE # 38
                                           ; SOURCE LINE # 39
0000 750008      R     MOV     i,#08H
                                           ; SOURCE LINE # 40
0003 E4                CLR     A
0004 F500        R     MOV     str,A
                                           ; SOURCE LINE # 41
0006 20B028            JB      RXD2,?C0011
                                           ; SOURCE LINE # 42
                                           ; SOURCE LINE # 43
0009 D28E              SETB    TR1
                                           ; SOURCE LINE # 44
000B 8013              SJMP    ?C0013
000D         ?C0008:
                                           ; SOURCE LINE # 45
000D AF00        R     MOV     R7,i
000F 1500        R     DEC     i
0011 EF                MOV     A,R7
0012 6011              JZ      ?C0009
                                           ; SOURCE LINE # 46
                                           ; SOURCE LINE # 47
0014 E500        R     MOV     A,str
0016 C3                CLR     C
0017 13                RRC     A
0018 F500        R     MOV     str,A
                                           ; SOURCE LINE # 48
001A 30B003            JNB     RXD2,?C0010
                                           ; SOURCE LINE # 49
                                           ; SOURCE LINE # 50
001D 430080      R     ORL     str,#080H
                                           ; SOURCE LINE # 51
0020         ?C0010:
                                           ; SOURCE LINE # 52
0020         ?C0013:
0020 120000      E     LCALL   waittf
                                           ; SOURCE LINE # 53
0023 80E8              SJMP    ?C0008
0025         ?C0009:
                                           ; SOURCE LINE # 54
0025 AF00        R     MOV     R7,getnum
C51 COMPILER V9.59.0.0   HANDER                                                            01/22/2024 23:25:30 PAGE 5   

0027 0500        R     INC     getnum
0029 7400        R     MOV     A,#LOW buffer
002B 2F                ADD     A,R7
002C F8                MOV     R0,A
002D A600        R     MOV     @R0,str
                                           ; SOURCE LINE # 55
002F C28E              CLR     TR1
                                           ; SOURCE LINE # 56
                                           ; SOURCE LINE # 57
0031         ?C0011:
0031 22                RET     
             ; FUNCTION getdata (END)

C51 COMPILER V9.59.0.0   HANDER                                                            01/22/2024 23:25:30 PAGE 6   

NAME                                    CLASS   MSPACE  TYPE    OFFSET  SIZE
====                                    =====   ======  ====    ======  ====


P0 . . . . . . . . . . . . . . . . . .  SFR      DATA   U_CHAR   0080H  1
P1 . . . . . . . . . . . . . . . . . .  SFR      DATA   U_CHAR   0090H  1
P2 . . . . . . . . . . . . . . . . . .  SFR      DATA   U_CHAR   00A0H  1
P3 . . . . . . . . . . . . . . . . . .  SFR      DATA   U_CHAR   00B0H  1
T0 . . . . . . . . . . . . . . . . . .  ABSBIT   -----  BIT      00B4H  1
AC . . . . . . . . . . . . . . . . . .  ABSBIT   -----  BIT      00D6H  1
T1 . . . . . . . . . . . . . . . . . .  ABSBIT   -----  BIT      00B5H  1
T2 . . . . . . . . . . . . . . . . . .  ABSBIT   -----  BIT      0090H  1
EA . . . . . . . . . . . . . . . . . .  ABSBIT   -----  BIT      00AFH  1
IE . . . . . . . . . . . . . . . . . .  SFR      DATA   U_CHAR   00A8H  1
waittf . . . . . . . . . . . . . . . .  EXTERN   CODE   PROC     -----  -----
getnum . . . . . . . . . . . . . . . .  PUBLIC   DATA   U_CHAR   0000H  1
EXF2 . . . . . . . . . . . . . . . . .  ABSBIT   -----  BIT      00CEH  1
RD . . . . . . . . . . . . . . . . . .  ABSBIT   -----  BIT      00B7H  1
ES . . . . . . . . . . . . . . . . . .  ABSBIT   -----  BIT      00ACH  1
IP . . . . . . . . . . . . . . . . . .  SFR      DATA   U_CHAR   00B8H  1
RI . . . . . . . . . . . . . . . . . .  ABSBIT   -----  BIT      0098H  1
INT0 . . . . . . . . . . . . . . . . .  ABSBIT   -----  BIT      00B2H  1
CY . . . . . . . . . . . . . . . . . .  ABSBIT   -----  BIT      00D7H  1
TI . . . . . . . . . . . . . . . . . .  ABSBIT   -----  BIT      0099H  1
INT1 . . . . . . . . . . . . . . . . .  ABSBIT   -----  BIT      00B3H  1
RXD2 . . . . . . . . . . . . . . . . .  ABSBIT   -----  BIT      00B0H  1
RCAP2H . . . . . . . . . . . . . . . .  SFR      DATA   U_CHAR   00CBH  1
TXD2 . . . . . . . . . . . . . . . . .  ABSBIT   -----  BIT      00B1H  1
PS . . . . . . . . . . . . . . . . . .  ABSBIT   -----  BIT      00BCH  1
SP . . . . . . . . . . . . . . . . . .  SFR      DATA   U_CHAR   0081H  1
T2EX . . . . . . . . . . . . . . . . .  ABSBIT   -----  BIT      0091H  1
OV . . . . . . . . . . . . . . . . . .  ABSBIT   -----  BIT      00D2H  1
RCAP2L . . . . . . . . . . . . . . . .  SFR      DATA   U_CHAR   00CAH  1
C_T2 . . . . . . . . . . . . . . . . .  ABSBIT   -----  BIT      00C9H  1
WR . . . . . . . . . . . . . . . . . .  ABSBIT   -----  BIT      00B6H  1
RCLK . . . . . . . . . . . . . . . . .  ABSBIT   -----  BIT      00CDH  1
TCLK . . . . . . . . . . . . . . . . .  ABSBIT   -----  BIT      00CCH  1
SBUF . . . . . . . . . . . . . . . . .  SFR      DATA   U_CHAR   0099H  1
PCON . . . . . . . . . . . . . . . . .  SFR      DATA   U_CHAR   0087H  1
SCON . . . . . . . . . . . . . . . . .  SFR      DATA   U_CHAR   0098H  1
_uarthander. . . . . . . . . . . . . .  PUBLIC   CODE   PROC     0000H  -----
  str. . . . . . . . . . . . . . . . .  AUTO     DATA   U_CHAR   0000H  1
  i. . . . . . . . . . . . . . . . . .  AUTO     DATA   U_CHAR   0001H  1
TMOD . . . . . . . . . . . . . . . . .  SFR      DATA   U_CHAR   0089H  1
TCON . . . . . . . . . . . . . . . . .  SFR      DATA   U_CHAR   0088H  1
IE0. . . . . . . . . . . . . . . . . .  ABSBIT   -----  BIT      0089H  1
IE1. . . . . . . . . . . . . . . . . .  ABSBIT   -----  BIT      008BH  1
B. . . . . . . . . . . . . . . . . . .  SFR      DATA   U_CHAR   00F0H  1
CP_RL2 . . . . . . . . . . . . . . . .  ABSBIT   -----  BIT      00C8H  1
ACC. . . . . . . . . . . . . . . . . .  SFR      DATA   U_CHAR   00E0H  1
ET0. . . . . . . . . . . . . . . . . .  ABSBIT   -----  BIT      00A9H  1
ET1. . . . . . . . . . . . . . . . . .  ABSBIT   -----  BIT      00ABH  1
TF0. . . . . . . . . . . . . . . . . .  ABSBIT   -----  BIT      008DH  1
ET2. . . . . . . . . . . . . . . . . .  ABSBIT   -----  BIT      00ADH  1
TF1. . . . . . . . . . . . . . . . . .  ABSBIT   -----  BIT      008FH  1
TF2. . . . . . . . . . . . . . . . . .  ABSBIT   -----  BIT      00CFH  1
RB8. . . . . . . . . . . . . . . . . .  ABSBIT   -----  BIT      009AH  1
TH0. . . . . . . . . . . . . . . . . .  SFR      DATA   U_CHAR   008CH  1
EX0. . . . . . . . . . . . . . . . . .  ABSBIT   -----  BIT      00A8H  1
IT0. . . . . . . . . . . . . . . . . .  ABSBIT   -----  BIT      0088H  1
TH1. . . . . . . . . . . . . . . . . .  SFR      DATA   U_CHAR   008DH  1
C51 COMPILER V9.59.0.0   HANDER                                                            01/22/2024 23:25:30 PAGE 7   

NAME                                    CLASS   MSPACE  TYPE    OFFSET  SIZE
====                                    =====   ======  ====    ======  ====


TB8. . . . . . . . . . . . . . . . . .  ABSBIT   -----  BIT      009BH  1
EX1. . . . . . . . . . . . . . . . . .  ABSBIT   -----  BIT      00AAH  1
IT1. . . . . . . . . . . . . . . . . .  ABSBIT   -----  BIT      008AH  1
TH2. . . . . . . . . . . . . . . . . .  SFR      DATA   U_CHAR   00CDH  1
P. . . . . . . . . . . . . . . . . . .  ABSBIT   -----  BIT      00D0H  1
SM0. . . . . . . . . . . . . . . . . .  ABSBIT   -----  BIT      009FH  1
TL0. . . . . . . . . . . . . . . . . .  SFR      DATA   U_CHAR   008AH  1
SM1. . . . . . . . . . . . . . . . . .  ABSBIT   -----  BIT      009EH  1
TL1. . . . . . . . . . . . . . . . . .  SFR      DATA   U_CHAR   008BH  1
SM2. . . . . . . . . . . . . . . . . .  ABSBIT   -----  BIT      009DH  1
TL2. . . . . . . . . . . . . . . . . .  SFR      DATA   U_CHAR   00CCH  1
PT0. . . . . . . . . . . . . . . . . .  ABSBIT   -----  BIT      00B9H  1
PT1. . . . . . . . . . . . . . . . . .  ABSBIT   -----  BIT      00BBH  1
RS0. . . . . . . . . . . . . . . . . .  ABSBIT   -----  BIT      00D3H  1
PT2. . . . . . . . . . . . . . . . . .  ABSBIT   -----  BIT      00BDH  1
TR0. . . . . . . . . . . . . . . . . .  ABSBIT   -----  BIT      008CH  1
RS1. . . . . . . . . . . . . . . . . .  ABSBIT   -----  BIT      00D4H  1
TR1. . . . . . . . . . . . . . . . . .  ABSBIT   -----  BIT      008EH  1
TR2. . . . . . . . . . . . . . . . . .  ABSBIT   -----  BIT      00CAH  1
PX0. . . . . . . . . . . . . . . . . .  ABSBIT   -----  BIT      00B8H  1
PX1. . . . . . . . . . . . . . . . . .  ABSBIT   -----  BIT      00BAH  1
DPH. . . . . . . . . . . . . . . . . .  SFR      DATA   U_CHAR   0083H  1
getdata. . . . . . . . . . . . . . . .  PUBLIC   CODE   PROC     0000H  -----
  i. . . . . . . . . . . . . . . . . .  AUTO     DATA   U_CHAR   0000H  1
  str. . . . . . . . . . . . . . . . .  AUTO     DATA   U_CHAR   0001H  1
DPL. . . . . . . . . . . . . . . . . .  SFR      DATA   U_CHAR   0082H  1
EXEN2. . . . . . . . . . . . . . . . .  ABSBIT   -----  BIT      00CBH  1
REN. . . . . . . . . . . . . . . . . .  ABSBIT   -----  BIT      009CH  1
T2CON. . . . . . . . . . . . . . . . .  SFR      DATA   U_CHAR   00C8H  1
RXD. . . . . . . . . . . . . . . . . .  ABSBIT   -----  BIT      00B0H  1
TXD. . . . . . . . . . . . . . . . . .  ABSBIT   -----  BIT      00B1H  1
F0 . . . . . . . . . . . . . . . . . .  ABSBIT   -----  BIT      00D5H  1
PSW. . . . . . . . . . . . . . . . . .  SFR      DATA   U_CHAR   00D0H  1
_updatehander. . . . . . . . . . . . .  PUBLIC   CODE   PROC     0000H  -----
  strr . . . . . . . . . . . . . . . .  AUTO     DATA   PTR      0000H  3
buffer . . . . . . . . . . . . . . . .  PUBLIC   DATA   ARRAY    0001H  12


MODULE INFORMATION:   STATIC OVERLAYABLE
   CODE SIZE        =    136    ----
   CONSTANT SIZE    =   ----    ----
   XDATA SIZE       =   ----    ----
   PDATA SIZE       =   ----    ----
   DATA SIZE        =     13       7
   IDATA SIZE       =   ----    ----
   BIT SIZE         =   ----    ----
   EDATA SIZE       =   ----    ----
   HDATA SIZE       =   ----    ----
   XDATA CONST SIZE =   ----    ----
   FAR CONST SIZE   =   ----    ----
END OF MODULE INFORMATION.


C51 COMPILATION COMPLETE.  0 WARNING(S),  0 ERROR(S)
