C51 COMPILER V9.59.0.0   TIMEIO                                                            01/22/2024 23:25:30 PAGE 1   


C51 COMPILER V9.59.0.0, COMPILATION OF MODULE TIMEIO
OBJECT MODULE PLACED IN .\build\Release\.obj\src\Timeio.o
COMPILER INVOKED BY: D:\soft\Keil\C51\BIN\C51.exe .\SRC\TIMEIO.C OMF2 TABS(4) CODE NOCOND SYMBOLS PRINT(.\build\Release\
                    -.obj\src\Timeio.lst) INCDIR(D:/soft/Keil/C51/INC;src) DEFINE(__UVISION_VERSION=526) OPTIMIZE(8,SPEED) SMALL ROM(LARGE) O
                    -BJECT(.\build\Release\.obj\src\Timeio.o)

line level    source

   1          #include<STRING.H>
   2          #include<STDLIB.H>
   3          #include "EEPROMmaker.h"
   4          
   5          short year = 2022, month = 10, day = 10, hour = 10, minute = 22, second = 39;
   6          short hour1=0, minute1=0,second1=60;
   7          
   8          void timeio(char *str)
   9          {
  10   1          int i = 0;
  11   1          int j = 0;
  12   1          char makestr[7];  
  13   1          char* value;
  14   1          while (str[i] != ',')
  15   1          {
  16   2              makestr[i] = str[i];
  17   2              i++;
  18   2          }
  19   1          makestr[i] = '\0';
  20   1          value = str + i + 1;
  21   1          if (strcmp(makestr, "year") == 0)
  22   1          {
  23   2              year = atoi(value);
  24   2          }
  25   1          else if (strcmp(makestr, "month") == 0)
  26   1          {
  27   2              month = atoi(value);
  28   2          }
  29   1          else if (strcmp(makestr, "day") == 0)
  30   1          {
  31   2              day = atoi(value);
  32   2          }
  33   1          else if (strcmp(makestr, "hour") == 0)
  34   1          {
  35   2              hour = atoi(value);
  36   2          }
  37   1          else if (strcmp(makestr, "minute") == 0)
  38   1          {
  39   2              minute = atoi(value);
  40   2          }
  41   1          else if (strcmp(makestr, "second") == 0)
  42   1          {
  43   2              second = atoi(value);
  44   2          }
  45   1          else if (strcmp(makestr,"c") == 0)
  46   1          {
  47   2              // value[2] = '\0';
  48   2              // value[5] = '\0';
  49   2              // value[8] = '\0'; 
  50   2              // year == atoi(value)&&
  51   2              // month == atoi(value + 5)&&
  52   2              // day == atoi(value + 8)&&
  53   2              hour1 = atoi(value);
C51 COMPILER V9.59.0.0   TIMEIO                                                            01/22/2024 23:25:30 PAGE 2   

  54   2              minute1 = atoi(value + 3);
  55   2              second1 = atoi(value + 6);
  56   2              EEPROMclock();
  57   2          }
  58   1      }
C51 COMPILER V9.59.0.0   TIMEIO                                                            01/22/2024 23:25:30 PAGE 3   

ASSEMBLY LISTING OF GENERATED OBJECT CODE


             ; FUNCTION _timeio (BEGIN)
                                           ; SOURCE LINE # 8
0000 8B00        R     MOV     str,R3
0002 8A00        R     MOV     str+01H,R2
0004 8900        R     MOV     str+02H,R1
                                           ; SOURCE LINE # 9
                                           ; SOURCE LINE # 10
;---- Variable 'i' assigned to Register 'R6/R7' ----
0006 E4                CLR     A
0007 FF                MOV     R7,A
0008 FE                MOV     R6,A
                                           ; SOURCE LINE # 11
0009 F500        R     MOV     j,A
000B F500        R     MOV     j+01H,A
000D         ?C0001:
                                           ; SOURCE LINE # 14
000D AB00        R     MOV     R3,str
000F AA00        R     MOV     R2,str+01H
0011 A900        R     MOV     R1,str+02H
0013 8F82              MOV     DPL,R7
0015 8E83              MOV     DPH,R6
0017 120000      E     LCALL   ?C?CLDOPTR
001A FD                MOV     R5,A
001B 642C              XRL     A,#02CH
001D 600D              JZ      ?C0002
                                           ; SOURCE LINE # 15
                                           ; SOURCE LINE # 16
001F 7400        R     MOV     A,#LOW makestr
0021 2F                ADD     A,R7
0022 F8                MOV     R0,A
0023 A605              MOV     @R0,AR5
                                           ; SOURCE LINE # 17
0025 0F                INC     R7
0026 BF0001            CJNE    R7,#00H,?C0017
0029 0E                INC     R6
002A         ?C0017:
                                           ; SOURCE LINE # 18
002A 80E1              SJMP    ?C0001
002C         ?C0002:
                                           ; SOURCE LINE # 19
002C 7400        R     MOV     A,#LOW makestr
002E 2F                ADD     A,R7
002F F8                MOV     R0,A
0030 E4                CLR     A
0031 F6                MOV     @R0,A
                                           ; SOURCE LINE # 20
0032 E500        R     MOV     A,str+02H
0034 2F                ADD     A,R7
0035 F9                MOV     R1,A
0036 E500        R     MOV     A,str+01H
0038 3E                ADDC    A,R6
0039 FA                MOV     R2,A
003A E9                MOV     A,R1
003B 2401              ADD     A,#01H
003D F9                MOV     R1,A
003E E4                CLR     A
003F 3A                ADDC    A,R2
0040 850000      R     MOV     value,str
0043 F500        R     MOV     value+01H,A
C51 COMPILER V9.59.0.0   TIMEIO                                                            01/22/2024 23:25:30 PAGE 4   

0045 8900        R     MOV     value+02H,R1
                                           ; SOURCE LINE # 21
0047 7800        R     MOV     R0,#LOW makestr
0049 7C00        R     MOV     R4,#HIGH makestr
004B 7D00              MOV     R5,#00H
004D 7BFF              MOV     R3,#0FFH
004F 7A00        R     MOV     R2,#HIGH ?SC_0
0051 7900        R     MOV     R1,#LOW ?SC_0
0053 120000      E     LCALL   ?C?STRCMP
0056 EF                MOV     A,R7
0057 33                RLC     A
0058 95E0              SUBB    A,ACC
005A 4F                ORL     A,R7
005B 700E              JNZ     ?C0003
                                           ; SOURCE LINE # 22
                                           ; SOURCE LINE # 23
005D AB00        R     MOV     R3,value
005F AA00        R     MOV     R2,value+01H
0061 A900        R     MOV     R1,value+02H
0063 120000      E     LCALL   _atoi
0066 8E00        R     MOV     year,R6
0068 8F00        R     MOV     year+01H,R7
                                           ; SOURCE LINE # 24
006A 22                RET     
006B         ?C0003:
                                           ; SOURCE LINE # 25
006B 7800        R     MOV     R0,#LOW makestr
006D 7C00        R     MOV     R4,#HIGH makestr
006F 7D00              MOV     R5,#00H
0071 7BFF              MOV     R3,#0FFH
0073 7A00        R     MOV     R2,#HIGH ?SC_5
0075 7900        R     MOV     R1,#LOW ?SC_5
0077 120000      E     LCALL   ?C?STRCMP
007A EF                MOV     A,R7
007B 33                RLC     A
007C 95E0              SUBB    A,ACC
007E 4F                ORL     A,R7
007F 700E              JNZ     ?C0005
                                           ; SOURCE LINE # 26
                                           ; SOURCE LINE # 27
0081 AB00        R     MOV     R3,value
0083 AA00        R     MOV     R2,value+01H
0085 A900        R     MOV     R1,value+02H
0087 120000      E     LCALL   _atoi
008A 8E00        R     MOV     month,R6
008C 8F00        R     MOV     month+01H,R7
                                           ; SOURCE LINE # 28
008E 22                RET     
008F         ?C0005:
                                           ; SOURCE LINE # 29
008F 7800        R     MOV     R0,#LOW makestr
0091 7C00        R     MOV     R4,#HIGH makestr
0093 7D00              MOV     R5,#00H
0095 7BFF              MOV     R3,#0FFH
0097 7A00        R     MOV     R2,#HIGH ?SC_11
0099 7900        R     MOV     R1,#LOW ?SC_11
009B 120000      E     LCALL   ?C?STRCMP
009E EF                MOV     A,R7
009F 33                RLC     A
00A0 95E0              SUBB    A,ACC
00A2 4F                ORL     A,R7
00A3 700E              JNZ     ?C0007
C51 COMPILER V9.59.0.0   TIMEIO                                                            01/22/2024 23:25:30 PAGE 5   

                                           ; SOURCE LINE # 30
                                           ; SOURCE LINE # 31
00A5 AB00        R     MOV     R3,value
00A7 AA00        R     MOV     R2,value+01H
00A9 A900        R     MOV     R1,value+02H
00AB 120000      E     LCALL   _atoi
00AE 8E00        R     MOV     day,R6
00B0 8F00        R     MOV     day+01H,R7
                                           ; SOURCE LINE # 32
00B2 22                RET     
00B3         ?C0007:
                                           ; SOURCE LINE # 33
00B3 7800        R     MOV     R0,#LOW makestr
00B5 7C00        R     MOV     R4,#HIGH makestr
00B7 7D00              MOV     R5,#00H
00B9 7BFF              MOV     R3,#0FFH
00BB 7A00        R     MOV     R2,#HIGH ?SC_15
00BD 7900        R     MOV     R1,#LOW ?SC_15
00BF 120000      E     LCALL   ?C?STRCMP
00C2 EF                MOV     A,R7
00C3 33                RLC     A
00C4 95E0              SUBB    A,ACC
00C6 4F                ORL     A,R7
00C7 700E              JNZ     ?C0009
                                           ; SOURCE LINE # 34
                                           ; SOURCE LINE # 35
00C9 AB00        R     MOV     R3,value
00CB AA00        R     MOV     R2,value+01H
00CD A900        R     MOV     R1,value+02H
00CF 120000      E     LCALL   _atoi
00D2 8E00        R     MOV     hour,R6
00D4 8F00        R     MOV     hour+01H,R7
                                           ; SOURCE LINE # 36
00D6 22                RET     
00D7         ?C0009:
                                           ; SOURCE LINE # 37
00D7 7800        R     MOV     R0,#LOW makestr
00D9 7C00        R     MOV     R4,#HIGH makestr
00DB 7D00              MOV     R5,#00H
00DD 7BFF              MOV     R3,#0FFH
00DF 7A00        R     MOV     R2,#HIGH ?SC_20
00E1 7900        R     MOV     R1,#LOW ?SC_20
00E3 120000      E     LCALL   ?C?STRCMP
00E6 EF                MOV     A,R7
00E7 33                RLC     A
00E8 95E0              SUBB    A,ACC
00EA 4F                ORL     A,R7
00EB 700E              JNZ     ?C0011
                                           ; SOURCE LINE # 38
                                           ; SOURCE LINE # 39
00ED AB00        R     MOV     R3,value
00EF AA00        R     MOV     R2,value+01H
00F1 A900        R     MOV     R1,value+02H
00F3 120000      E     LCALL   _atoi
00F6 8E00        R     MOV     minute,R6
00F8 8F00        R     MOV     minute+01H,R7
                                           ; SOURCE LINE # 40
00FA 22                RET     
00FB         ?C0011:
                                           ; SOURCE LINE # 41
00FB 7800        R     MOV     R0,#LOW makestr
00FD 7C00        R     MOV     R4,#HIGH makestr
C51 COMPILER V9.59.0.0   TIMEIO                                                            01/22/2024 23:25:30 PAGE 6   

00FF 7D00              MOV     R5,#00H
0101 7BFF              MOV     R3,#0FFH
0103 7A00        R     MOV     R2,#HIGH ?SC_27
0105 7900        R     MOV     R1,#LOW ?SC_27
0107 120000      E     LCALL   ?C?STRCMP
010A EF                MOV     A,R7
010B 33                RLC     A
010C 95E0              SUBB    A,ACC
010E 4F                ORL     A,R7
010F 700E              JNZ     ?C0013
                                           ; SOURCE LINE # 42
                                           ; SOURCE LINE # 43
0111 AB00        R     MOV     R3,value
0113 AA00        R     MOV     R2,value+01H
0115 A900        R     MOV     R1,value+02H
0117 120000      E     LCALL   _atoi
011A 8E00        R     MOV     second,R6
011C 8F00        R     MOV     second+01H,R7
                                           ; SOURCE LINE # 44
011E 22                RET     
011F         ?C0013:
                                           ; SOURCE LINE # 45
011F 7800        R     MOV     R0,#LOW makestr
0121 7C00        R     MOV     R4,#HIGH makestr
0123 7D00              MOV     R5,#00H
0125 7BFF              MOV     R3,#0FFH
0127 7A00        R     MOV     R2,#HIGH ?SC_34
0129 7900        R     MOV     R1,#LOW ?SC_34
012B 120000      E     LCALL   ?C?STRCMP
012E EF                MOV     A,R7
012F 33                RLC     A
0130 95E0              SUBB    A,ACC
0132 4F                ORL     A,R7
0133 7034              JNZ     ?C0016
                                           ; SOURCE LINE # 46
                                           ; SOURCE LINE # 53
0135 AB00        R     MOV     R3,value
0137 AA00        R     MOV     R2,value+01H
0139 A900        R     MOV     R1,value+02H
013B 120000      E     LCALL   _atoi
013E 8E00        R     MOV     hour1,R6
0140 8F00        R     MOV     hour1+01H,R7
                                           ; SOURCE LINE # 54
0142 AB00        R     MOV     R3,value
0144 E500        R     MOV     A,value+02H
0146 2403              ADD     A,#03H
0148 F9                MOV     R1,A
0149 E4                CLR     A
014A 3500        R     ADDC    A,value+01H
014C FA                MOV     R2,A
014D 120000      E     LCALL   _atoi
0150 8E00        R     MOV     minute1,R6
0152 8F00        R     MOV     minute1+01H,R7
                                           ; SOURCE LINE # 55
0154 AB00        R     MOV     R3,value
0156 E500        R     MOV     A,value+02H
0158 2406              ADD     A,#06H
015A F9                MOV     R1,A
015B E4                CLR     A
015C 3500        R     ADDC    A,value+01H
015E FA                MOV     R2,A
015F 120000      E     LCALL   _atoi
C51 COMPILER V9.59.0.0   TIMEIO                                                            01/22/2024 23:25:30 PAGE 7   

0162 8E00        R     MOV     second1,R6
0164 8F00        R     MOV     second1+01H,R7
                                           ; SOURCE LINE # 56
0166 120000      E     LCALL   EEPROMclock
                                           ; SOURCE LINE # 57
                                           ; SOURCE LINE # 58
0169         ?C0016:
0169 22                RET     
             ; FUNCTION _timeio (END)

C51 COMPILER V9.59.0.0   TIMEIO                                                            01/22/2024 23:25:30 PAGE 8   

NAME                                    CLASS   MSPACE  TYPE    OFFSET  SIZE
====                                    =====   ======  ====    ======  ====


second . . . . . . . . . . . . . . . .  PUBLIC   DATA   INT      0000H  2
_timeio. . . . . . . . . . . . . . . .  PUBLIC   CODE   PROC     0000H  -----
  str. . . . . . . . . . . . . . . . .  AUTO     DATA   PTR      0000H  3
  i. . . . . . . . . . . . . . . . . .  * REG *  DATA   INT      0006H  2
  j. . . . . . . . . . . . . . . . . .  AUTO     DATA   INT      0003H  2
  makestr. . . . . . . . . . . . . . .  AUTO     DATA   ARRAY    0005H  7
  value. . . . . . . . . . . . . . . .  AUTO     DATA   PTR      000CH  3
size_t . . . . . . . . . . . . . . . .  TYPEDEF  -----  U_INT    -----  2
minute . . . . . . . . . . . . . . . .  PUBLIC   DATA   INT      0002H  2
month. . . . . . . . . . . . . . . . .  PUBLIC   DATA   INT      0004H  2
_atoi. . . . . . . . . . . . . . . . .  EXTERN   CODE   PROC     -----  -----
second1. . . . . . . . . . . . . . . .  PUBLIC   DATA   INT      0006H  2
year . . . . . . . . . . . . . . . . .  PUBLIC   DATA   INT      0008H  2
day. . . . . . . . . . . . . . . . . .  PUBLIC   DATA   INT      000AH  2
hour . . . . . . . . . . . . . . . . .  PUBLIC   DATA   INT      000CH  2
minute1. . . . . . . . . . . . . . . .  PUBLIC   DATA   INT      000EH  2
EEPROMclock. . . . . . . . . . . . . .  EXTERN   CODE   PROC     -----  -----
wchar_t. . . . . . . . . . . . . . . .  TYPEDEF  -----  CHAR     -----  1
hour1. . . . . . . . . . . . . . . . .  PUBLIC   DATA   INT      0010H  2


MODULE INFORMATION:   STATIC OVERLAYABLE
   CODE SIZE        =    362    ----
   CONSTANT SIZE    =     36    ----
   XDATA SIZE       =   ----    ----
   PDATA SIZE       =   ----    ----
   DATA SIZE        =     18      15
   IDATA SIZE       =   ----    ----
   BIT SIZE         =   ----    ----
   EDATA SIZE       =   ----    ----
   HDATA SIZE       =   ----    ----
   XDATA CONST SIZE =   ----    ----
   FAR CONST SIZE   =   ----    ----
END OF MODULE INFORMATION.


C51 COMPILATION COMPLETE.  0 WARNING(S),  0 ERROR(S)
